<?xml version="1.0" encoding="UTF-8"?>
<!-- Generated by org.testng.reporters.JUnitReportReporter -->
<testsuite skipped="0" hostname="AJAMPANA-IN" name="com.testcases.ExceptionHandling" tests="1" failures="0" timestamp="2020-04-23T10:43:47 IST" time="0.013" errors="0">
  <testcase name="try3" time="0.013" classname="com.testcases.ExceptionHandling"/>
  <system-out/>
</testsuite> <!-- com.testcases.ExceptionHandling -->
