<?xml version="1.0" encoding="UTF-8"?>
<!-- Generated by org.testng.reporters.JUnitReportReporter -->
<testsuite hostname="PLAMA-IN" name="com.JenkinsAutomation.CreateClient" tests="1" failures="0" timestamp="15 Sep 2020 17:03:01 GMT" time="26.092" errors="0">
  <testcase name="clientCreation" time="26.092" classname="com.JenkinsAutomation.CreateClient"/>
</testsuite> <!-- com.JenkinsAutomation.CreateClient -->
