<?xml version="1.0" encoding="UTF-8"?>
<!-- Generated by org.testng.reporters.JUnitReportReporter -->
<testsuite skipped="0" hostname="PLAMA-IN" name="com.JenkinsAutomation.CreatePolicy" tests="1" failures="0" timestamp="2020-09-15T18:09:24 IST" time="195.651" errors="0">
  <testcase name="policycreation" time="195.651" classname="com.JenkinsAutomation.CreatePolicy"/>
  <system-out/>
</testsuite> <!-- com.JenkinsAutomation.CreatePolicy -->
