<?xml version="1.0" encoding="UTF-8"?>
<!-- Generated by org.testng.reporters.JUnitReportReporter -->
<testsuite skipped="0" hostname="AJAMPANA-IN" name="com.testcases.testNgAnnotations" tests="2" failures="0" timestamp="2020-04-22T15:09:21 IST" time="0.010" errors="0">
  <testcase name="testCase2" time="0.004" classname="com.testcases.testNgAnnotations"/>
  <system-out/>
  <testcase name="testCase1" time="0.006" classname="com.testcases.testNgAnnotations"/>
  <system-out/>
</testsuite> <!-- com.testcases.testNgAnnotations -->
