<?xml version="1.0" encoding="UTF-8"?>
<!-- Generated by org.testng.reporters.JUnitReportReporter -->
<testsuite skipped="0" hostname="AJAMPANA-IN" name="com.testcases.DataProviderFun" tests="3" failures="0" timestamp="2020-04-23T10:50:40 IST" time="104.567" errors="0">
  <testcase name="setData" time="33.888" classname="com.testcases.DataProviderFun"/>
  <system-out/>
  <testcase name="setData" time="35.302" classname="com.testcases.DataProviderFun"/>
  <system-out/>
  <testcase name="setData" time="35.377" classname="com.testcases.DataProviderFun"/>
  <system-out/>
</testsuite> <!-- com.testcases.DataProviderFun -->
