<?xml version="1.0" encoding="UTF-8"?>
<!-- Generated by org.testng.reporters.JUnitReportReporter -->
<testsuite skipped="0" hostname="AJAMPANA-IN" name="com.testcases.CreateClient" tests="1" failures="0" timestamp="2020-04-22T15:09:21 IST" time="94.887" errors="0">
  <testcase name="addClient" time="94.887" classname="com.testcases.CreateClient"/>
  <system-out/>
</testsuite> <!-- com.testcases.CreateClient -->
