<?xml version="1.0" encoding="UTF-8"?>
<!-- Generated by org.testng.reporters.JUnitReportReporter -->
<testsuite skipped="0" hostname="AJAMPANA-IN" name="com.testcases.DatabaseExplantion" tests="1" failures="0" timestamp="2020-04-23T11:46:03 IST" time="4.069" errors="0">
  <testcase name="Test1" time="4.069" classname="com.testcases.DatabaseExplantion"/>
  <system-out/>
</testsuite> <!-- com.testcases.DatabaseExplantion -->
