<?xml version="1.0" encoding="UTF-8"?>
<!-- Generated by org.testng.reporters.JUnitReportReporter -->
<testsuite skipped="0" hostname="PLAMA-IN" name="test.java.NewTest" tests="1" failures="0" timestamp="2020-09-19T03:12:41 IST" time="6.780" errors="0">
  <testcase name="testgooglesearch" time="6.780" classname="test.java.NewTest"/>
  <system-out/>
</testsuite> <!-- test.java.NewTest -->
